Mar 21, 2024 3:21:59 PM seedu.bookbuddy.BookBuddy main
INFO: BookBuddy application started.
Mar 21, 2024 3:21:59 PM seedu.bookbuddy.BookBuddy getUserInput
INFO: Starting to get user input.
Mar 21, 2024 3:22:04 PM seedu.bookbuddy.Parser parseCommand
WARNING: Sorry but that is not a valid command. Please try again
Mar 21, 2024 3:22:04 PM seedu.bookbuddy.BookBuddy getUserInput
WARNING: Unsupported command: drhf
Mar 21, 2024 3:23:35 PM seedu.bookbuddy.Parser parseCommand
WARNING: The add Command requires a book title
Mar 21, 2024 3:23:35 PM seedu.bookbuddy.Parser parseCommand
WARNING: Sorry but that is not a valid command. Please try again
Mar 21, 2024 11:41:25 PM seedu.bookbuddy.BookBuddy main
INFO: BookBuddy application started.
Mar 21, 2024 11:41:25 PM seedu.bookbuddy.BookBuddy getUserInput
INFO: Starting to get user input.
Mar 21, 2024 11:41:46 PM seedu.bookbuddy.Parser parseCommand
WARNING: Sorry but that is not a valid command. Please try again
Mar 21, 2024 11:41:46 PM seedu.bookbuddy.BookBuddy getUserInput
WARNING: Unsupported command: 1
Mar 21, 2024 11:56:27 PM seedu.bookbuddy.BookBuddy main
INFO: BookBuddy application started.
Mar 21, 2024 11:56:27 PM seedu.bookbuddy.BookBuddy getUserInput
INFO: Starting to get user input.
Mar 21, 2024 11:56:39 PM seedu.bookbuddy.Parser parseCommand
WARNING: Sorry but that is not a valid command. Please try again
Mar 21, 2024 11:56:39 PM seedu.bookbuddy.BookBuddy getUserInput
WARNING: Unsupported command: book2
Mar 21, 2024 11:56:56 PM seedu.bookbuddy.BookBuddy main
INFO: BookBuddy application started.
Mar 21, 2024 11:56:56 PM seedu.bookbuddy.BookBuddy getUserInput
INFO: Starting to get user input.
Mar 21, 2024 11:59:30 PM seedu.bookbuddy.BookBuddy main
INFO: BookBuddy application started.
Mar 21, 2024 11:59:30 PM seedu.bookbuddy.BookBuddy getUserInput
INFO: Starting to get user input.
Mar 21, 2024 11:59:56 PM seedu.bookbuddy.BookBuddy main
INFO: BookBuddy application started.
Mar 21, 2024 11:59:56 PM seedu.bookbuddy.BookBuddy getUserInput
INFO: Starting to get user input.
Mar 22, 2024 12:00:26 AM seedu.bookbuddy.BookBuddy main
INFO: BookBuddy application started.
Mar 22, 2024 12:00:26 AM seedu.bookbuddy.BookBuddy getUserInput
INFO: Starting to get user input.
Mar 22, 2024 12:01:49 AM seedu.bookbuddy.BookBuddy main
INFO: BookBuddy application started.
Mar 22, 2024 12:01:49 AM seedu.bookbuddy.BookBuddy getUserInput
INFO: Starting to get user input.
Mar 22, 2024 12:02:06 AM seedu.bookbuddy.BookBuddy main
INFO: BookBuddy application started.
Mar 22, 2024 12:02:06 AM seedu.bookbuddy.BookBuddy getUserInput
INFO: Starting to get user input.
Mar 22, 2024 12:02:32 AM seedu.bookbuddy.Parser parseCommand
WARNING: The add Command requires a book title
Mar 22, 2024 12:02:32 AM seedu.bookbuddy.Parser parseCommand
WARNING: Sorry but that is not a valid command. Please try again
Mar 22, 2024 12:04:40 AM seedu.bookbuddy.Parser parseCommand
WARNING: The add Command requires a book title
Mar 22, 2024 12:04:40 AM seedu.bookbuddy.Parser parseCommand
WARNING: Sorry but that is not a valid command. Please try again
Mar 22, 2024 12:04:44 AM seedu.bookbuddy.BookBuddy main
INFO: BookBuddy application started.
Mar 22, 2024 12:04:44 AM seedu.bookbuddy.BookBuddy getUserInput
INFO: Starting to get user input.
Mar 22, 2024 12:04:59 AM seedu.bookbuddy.Parser parseCommand
WARNING: The add Command requires a book title
Mar 22, 2024 12:04:59 AM seedu.bookbuddy.Parser parseCommand
WARNING: Sorry but that is not a valid command. Please try again
Mar 22, 2024 12:10:13 AM seedu.bookbuddy.BookBuddy main
INFO: BookBuddy application started.
Mar 22, 2024 12:10:13 AM seedu.bookbuddy.BookBuddy getUserInput
INFO: Starting to get user input.
Mar 22, 2024 2:41:58 AM seedu.bookbuddy.Parser parseCommand
WARNING: The add Command requires a book title
Mar 22, 2024 2:41:58 AM seedu.bookbuddy.Parser parseCommand
WARNING: Sorry but that is not a valid command. Please try again
Mar 22, 2024 2:42:03 AM seedu.bookbuddy.Parser parseCommand
WARNING: The add Command requires a book title
Mar 22, 2024 2:42:03 AM seedu.bookbuddy.Parser parseCommand
WARNING: Sorry but that is not a valid command. Please try again
Mar 22, 2024 2:42:07 AM seedu.bookbuddy.BookBuddy main
INFO: BookBuddy application started.
Mar 22, 2024 2:42:07 AM seedu.bookbuddy.BookBuddy getUserInput
INFO: Starting to get user input.
Mar 22, 2024 2:42:42 AM seedu.bookbuddy.BookBuddy main
INFO: BookBuddy application started.
Mar 22, 2024 2:42:42 AM seedu.bookbuddy.BookBuddy getUserInput
INFO: Starting to get user input.
Mar 22, 2024 2:43:07 AM seedu.bookbuddy.BookBuddy main
INFO: BookBuddy application started.
Mar 22, 2024 2:43:07 AM seedu.bookbuddy.BookBuddy getUserInput
INFO: Starting to get user input.
Mar 22, 2024 2:45:00 AM seedu.bookbuddy.BookBuddy main
INFO: BookBuddy application started.
Mar 22, 2024 2:45:00 AM seedu.bookbuddy.BookBuddy getUserInput
INFO: Starting to get user input.
Mar 22, 2024 2:45:18 AM seedu.bookbuddy.Parser parseCommand
WARNING: The add Command requires a book title
Mar 22, 2024 2:45:18 AM seedu.bookbuddy.Parser parseCommand
WARNING: Sorry but that is not a valid command. Please try again
Mar 22, 2024 2:45:23 AM seedu.bookbuddy.Parser parseCommand
WARNING: The add Command requires a book title
Mar 22, 2024 2:45:23 AM seedu.bookbuddy.Parser parseCommand
WARNING: Sorry but that is not a valid command. Please try again
Mar 22, 2024 2:45:29 AM seedu.bookbuddy.Parser parseCommand
WARNING: The add Command requires a book title
Mar 22, 2024 2:45:29 AM seedu.bookbuddy.Parser parseCommand
WARNING: Sorry but that is not a valid command. Please try again
Mar 22, 2024 2:45:46 AM seedu.bookbuddy.BookBuddy main
INFO: BookBuddy application started.
Mar 22, 2024 2:45:46 AM seedu.bookbuddy.BookBuddy getUserInput
INFO: Starting to get user input.
Mar 22, 2024 2:46:10 AM seedu.bookbuddy.Parser parseCommand
WARNING: The add Command requires a book title
Mar 22, 2024 2:46:10 AM seedu.bookbuddy.Parser parseCommand
WARNING: Sorry but that is not a valid command. Please try again
Mar 22, 2024 2:46:17 AM seedu.bookbuddy.Parser parseCommand
WARNING: The add Command requires a book title
Mar 22, 2024 2:46:17 AM seedu.bookbuddy.Parser parseCommand
WARNING: Sorry but that is not a valid command. Please try again
Mar 22, 2024 2:46:22 AM seedu.bookbuddy.BookBuddy main
INFO: BookBuddy application started.
Mar 22, 2024 2:46:23 AM seedu.bookbuddy.BookBuddy getUserInput
INFO: Starting to get user input.
Mar 22, 2024 2:47:24 AM seedu.bookbuddy.BookBuddy main
INFO: BookBuddy application started.
Mar 22, 2024 2:47:24 AM seedu.bookbuddy.BookBuddy getUserInput
INFO: Starting to get user input.
Mar 22, 2024 2:48:06 AM seedu.bookbuddy.BookBuddy main
INFO: BookBuddy application started.
Mar 22, 2024 2:48:06 AM seedu.bookbuddy.BookBuddy getUserInput
INFO: Starting to get user input.
Mar 22, 2024 2:50:51 AM seedu.bookbuddy.BookBuddy main
INFO: BookBuddy application started.
Mar 22, 2024 2:50:51 AM seedu.bookbuddy.BookBuddy getUserInput
INFO: Starting to get user input.
