<?xml version="1.0" encoding="windows-1252" standalone="no"?>
<!DOCTYPE log SYSTEM "logger.dtd">
<log>
<record>
  <date>2024-03-20T06:31:21.248609900Z</date>
  <millis>1710916281248</millis>
  <nanos>609900</nanos>
  <sequence>0</sequence>
  <logger>grocery.GroceryList</logger>
  <level>INFO</level>
  <class>grocery.GroceryList</class>
  <method>addGrocery</method>
  <thread>1</thread>
  <message>Added food</message>
</record>
</log>
<?xml version="1.0" encoding="windows-1252" standalone="no"?>
<!DOCTYPE log SYSTEM "logger.dtd">
<log>
</log>
<?xml version="1.0" encoding="windows-1252" standalone="no"?>
<!DOCTYPE log SYSTEM "logger.dtd">
<log>
<record>
  <date>2024-03-20T09:47:54.506992Z</date>
  <millis>1710928074506</millis>
  <nanos>992000</nanos>
  <sequence>0</sequence>
  <logger>grocery.GroceryList</logger>
  <level>INFO</level>
  <class>grocery.GroceryList</class>
  <method>addGrocery</method>
  <thread>1</thread>
  <message>Added Meat</message>
</record>
</log>
<?xml version="1.0" encoding="windows-1252" standalone="no"?>
<!DOCTYPE log SYSTEM "logger.dtd">
<log>
<record>
  <date>2024-03-20T09:47:54.559200200Z</date>
  <millis>1710928074559</millis>
  <nanos>200200</nanos>
  <sequence>1</sequence>
  <logger>grocery.GroceryList</logger>
  <level>INFO</level>
  <class>grocery.GroceryList</class>
  <method>addGrocery</method>
  <thread>1</thread>
  <message>Added Meat</message>
</record>
</log>
<?xml version="1.0" encoding="windows-1252" standalone="no"?>
<!DOCTYPE log SYSTEM "logger.dtd">
<log>
<record>
  <date>2024-03-20T09:47:54.581279500Z</date>
  <millis>1710928074581</millis>
  <nanos>279500</nanos>
  <sequence>2</sequence>
  <logger>grocery.GroceryList</logger>
  <level>INFO</level>
  <class>grocery.GroceryList</class>
  <method>addGrocery</method>
  <thread>1</thread>
  <message>Added Meat</message>
</record>
</log>
<?xml version="1.0" encoding="windows-1252" standalone="no"?>
<!DOCTYPE log SYSTEM "logger.dtd">
<log>
</log>
<?xml version="1.0" encoding="windows-1252" standalone="no"?>
<!DOCTYPE log SYSTEM "logger.dtd">
<log>
</log>
<?xml version="1.0" encoding="windows-1252" standalone="no"?>
<!DOCTYPE log SYSTEM "logger.dtd">
<log>
<record>
  <date>2024-03-20T09:47:54.605366900Z</date>
  <millis>1710928074605</millis>
  <nanos>366900</nanos>
  <sequence>3</sequence>
  <logger>grocery.GroceryList</logger>
  <level>INFO</level>
  <class>grocery.GroceryList</class>
  <method>addGrocery</method>
  <thread>1</thread>
  <message>Added fooood</message>
</record>
</log>
<?xml version="1.0" encoding="windows-1252" standalone="no"?>
<!DOCTYPE log SYSTEM "logger.dtd">
<log>
<record>
  <date>2024-03-20T09:48:21.534991500Z</date>
  <millis>1710928101534</millis>
  <nanos>991500</nanos>
  <sequence>0</sequence>
  <logger>grocery.GroceryList</logger>
  <level>INFO</level>
  <class>grocery.GroceryList</class>
  <method>addGrocery</method>
  <thread>1</thread>
  <message>Added whe</message>
</record>
</log>
<?xml version="1.0" encoding="windows-1252" standalone="no"?>
<!DOCTYPE log SYSTEM "logger.dtd">
<log>
<record>
  <date>2024-03-20T13:01:21.310491Z</date>
  <millis>1710939681310</millis>
  <nanos>491000</nanos>
  <sequence>0</sequence>
  <logger>grocery.GroceryList</logger>
  <level>INFO</level>
  <class>grocery.GroceryList</class>
  <method>addGrocery</method>
  <thread>1</thread>
  <message>Added Meat</message>
</record>
</log>
<?xml version="1.0" encoding="windows-1252" standalone="no"?>
<!DOCTYPE log SYSTEM "logger.dtd">
<log>
<record>
  <date>2024-03-20T13:01:21.331465Z</date>
  <millis>1710939681331</millis>
  <nanos>465000</nanos>
  <sequence>1</sequence>
  <logger>grocery.GroceryList</logger>
  <level>INFO</level>
  <class>grocery.GroceryList</class>
  <method>addGrocery</method>
  <thread>1</thread>
  <message>Added Meat</message>
</record>
</log>
<?xml version="1.0" encoding="windows-1252" standalone="no"?>
<!DOCTYPE log SYSTEM "logger.dtd">
<log>
<record>
  <date>2024-03-20T13:01:21.345003200Z</date>
  <millis>1710939681345</millis>
  <nanos>3200</nanos>
  <sequence>2</sequence>
  <logger>grocery.GroceryList</logger>
  <level>INFO</level>
  <class>grocery.GroceryList</class>
  <method>addGrocery</method>
  <thread>1</thread>
  <message>Added Meat</message>
</record>
</log>
<?xml version="1.0" encoding="windows-1252" standalone="no"?>
<!DOCTYPE log SYSTEM "logger.dtd">
<log>
</log>
<?xml version="1.0" encoding="windows-1252" standalone="no"?>
<!DOCTYPE log SYSTEM "logger.dtd">
<log>
</log>
<?xml version="1.0" encoding="windows-1252" standalone="no"?>
<!DOCTYPE log SYSTEM "logger.dtd">
<log>
<record>
  <date>2024-03-20T13:01:21.362571600Z</date>
  <millis>1710939681362</millis>
  <nanos>571600</nanos>
  <sequence>3</sequence>
  <logger>grocery.GroceryList</logger>
  <level>INFO</level>
  <class>grocery.GroceryList</class>
  <method>addGrocery</method>
  <thread>1</thread>
  <message>Added fooood</message>
</record>
</log>
<?xml version="1.0" encoding="windows-1252" standalone="no"?>
<!DOCTYPE log SYSTEM "logger.dtd">
<log>
=======
</log>
<?xml version="1.0" encoding="windows-1252" standalone="no"?>
<!DOCTYPE log SYSTEM "logger.dtd">
<log>
<record>
  <date>2024-03-20T13:39:01.739875600Z</date>
  <millis>1710941941739</millis>
  <nanos>875600</nanos>
  <sequence>0</sequence>
  <logger>grocery.GroceryList</logger>
  <level>INFO</level>
  <class>grocery.GroceryList</class>
  <method>addGrocery</method>
  <thread>1</thread>
  <message>Added tomato</message>
</record>
</log>
<?xml version="1.0" encoding="windows-1252" standalone="no"?>
<!DOCTYPE log SYSTEM "logger.dtd">
<log>
</log>
<?xml version="1.0" encoding="windows-1252" standalone="no"?>
<!DOCTYPE log SYSTEM "logger.dtd">
<log>
</log>
<?xml version="1.0" encoding="windows-1252" standalone="no"?>
<!DOCTYPE log SYSTEM "logger.dtd">
<log>
</log>
<?xml version="1.0" encoding="windows-1252" standalone="no"?>
<!DOCTYPE log SYSTEM "logger.dtd">
<log>
</log>
<?xml version="1.0" encoding="windows-1252" standalone="no"?>
<!DOCTYPE log SYSTEM "logger.dtd">
<log>
</log>
<?xml version="1.0" encoding="windows-1252" standalone="no"?>
<!DOCTYPE log SYSTEM "logger.dtd">
<log>
</log>
<?xml version="1.0" encoding="windows-1252" standalone="no"?>
<!DOCTYPE log SYSTEM "logger.dtd">
<log>
</log>
<?xml version="1.0" encoding="windows-1252" standalone="no"?>
<!DOCTYPE log SYSTEM "logger.dtd">
<log>
<record>
  <date>2024-03-22T14:45:35.548862500Z</date>
  <millis>1711118735548</millis>
  <nanos>862500</nanos>
  <sequence>0</sequence>
  <logger>grocery.GroceryList</logger>
  <level>INFO</level>
  <class>grocery.GroceryList</class>
  <method>addGrocery</method>
  <thread>1</thread>
  <message>Added tomato</message>
</record>
</log>
<?xml version="1.0" encoding="windows-1252" standalone="no"?>
<!DOCTYPE log SYSTEM "logger.dtd">
<log>
</log>
<?xml version="1.0" encoding="windows-1252" standalone="no"?>
<!DOCTYPE log SYSTEM "logger.dtd">
<log>
</log>
<?xml version="1.0" encoding="windows-1252" standalone="no"?>
<!DOCTYPE log SYSTEM "logger.dtd">
<log>
<record>
  <date>2024-03-22T16:02:42.628318800Z</date>
  <millis>1711123362628</millis>
  <nanos>318800</nanos>
  <sequence>0</sequence>
  <logger>grocery.GroceryList</logger>
  <level>INFO</level>
  <class>grocery.GroceryList</class>
  <method>addGrocery</method>
  <thread>1</thread>
  <message>Added Meat</message>
</record>
</log>
<?xml version="1.0" encoding="windows-1252" standalone="no"?>
<!DOCTYPE log SYSTEM "logger.dtd">
<log>
<record>
  <date>2024-03-22T16:02:42.653319200Z</date>
  <millis>1711123362653</millis>
  <nanos>319200</nanos>
  <sequence>1</sequence>
  <logger>grocery.GroceryList</logger>
  <level>INFO</level>
  <class>grocery.GroceryList</class>
  <method>addGrocery</method>
  <thread>1</thread>
  <message>Added Meat</message>
</record>
</log>
<?xml version="1.0" encoding="windows-1252" standalone="no"?>
<!DOCTYPE log SYSTEM "logger.dtd">
<log>
<record>
  <date>2024-03-22T16:02:42.667318700Z</date>
  <millis>1711123362667</millis>
  <nanos>318700</nanos>
  <sequence>2</sequence>
  <logger>grocery.GroceryList</logger>
  <level>INFO</level>
  <class>grocery.GroceryList</class>
  <method>addGrocery</method>
  <thread>1</thread>
  <message>Added Meat</message>
</record>
</log>
<?xml version="1.0" encoding="windows-1252" standalone="no"?>
<!DOCTYPE log SYSTEM "logger.dtd">
<log>
</log>
<?xml version="1.0" encoding="windows-1252" standalone="no"?>
<!DOCTYPE log SYSTEM "logger.dtd">
<log>
</log>
<?xml version="1.0" encoding="windows-1252" standalone="no"?>
<!DOCTYPE log SYSTEM "logger.dtd">
<log>
<record>
  <date>2024-03-22T16:02:42.685604200Z</date>
  <millis>1711123362685</millis>
  <nanos>604200</nanos>
  <sequence>3</sequence>
  <logger>grocery.GroceryList</logger>
  <level>INFO</level>
  <class>grocery.GroceryList</class>
  <method>addGrocery</method>
  <thread>1</thread>
  <message>Added fooood</message>
</record>
</log>
<?xml version="1.0" encoding="windows-1252" standalone="no"?>
<!DOCTYPE log SYSTEM "logger.dtd">
<log>
<record>
  <date>2024-03-24T14:18:51.892994500Z</date>
  <millis>1711289931892</millis>
  <nanos>994500</nanos>
  <sequence>0</sequence>
  <logger>grocery.GroceryList</logger>
  <level>INFO</level>
  <class>grocery.GroceryList</class>
  <method>addGrocery</method>
  <thread>1</thread>
  <message>Added milk</message>
</record>
</log>
<?xml version="1.0" encoding="windows-1252" standalone="no"?>
<!DOCTYPE log SYSTEM "logger.dtd">
<log>
<record>
  <date>2024-03-24T14:20:20.038975300Z</date>
  <millis>1711290020038</millis>
  <nanos>975300</nanos>
  <sequence>0</sequence>
  <logger>grocery.GroceryList</logger>
  <level>INFO</level>
  <class>grocery.GroceryList</class>
  <method>addGrocery</method>
  <thread>1</thread>
  <message>Added milk</message>
</record>
</log>
<?xml version="1.0" encoding="windows-1252" standalone="no"?>
<!DOCTYPE log SYSTEM "logger.dtd">
<log>
<record>
  <date>2024-03-24T14:24:22.273000800Z</date>
  <millis>1711290262273</millis>
  <nanos>800</nanos>
  <sequence>0</sequence>
  <logger>grocery.GroceryList</logger>
  <level>INFO</level>
  <class>grocery.GroceryList</class>
  <method>addGrocery</method>
  <thread>1</thread>
  <message>Added milk</message>
</record>
</log>
<?xml version="1.0" encoding="windows-1252" standalone="no"?>
<!DOCTYPE log SYSTEM "logger.dtd">
<log>
<record>
  <date>2024-03-24T14:28:32.992688200Z</date>
  <millis>1711290512992</millis>
  <nanos>688200</nanos>
  <sequence>0</sequence>
  <logger>grocery.GroceryList</logger>
  <level>INFO</level>
  <class>grocery.GroceryList</class>
  <method>addGrocery</method>
  <thread>1</thread>
  <message>Added milk</message>
</record>
</log>
<?xml version="1.0" encoding="windows-1252" standalone="no"?>
<!DOCTYPE log SYSTEM "logger.dtd">
<log>
<record>
  <date>2024-03-24T15:03:28.554540700Z</date>
  <millis>1711292608554</millis>
  <nanos>540700</nanos>
  <sequence>0</sequence>
  <logger>grocery.GroceryList</logger>
  <level>INFO</level>
  <class>grocery.GroceryList</class>
  <method>addGrocery</method>
  <thread>1</thread>
  <message>Added milk</message>
</record>
</log>
<?xml version="1.0" encoding="windows-1252" standalone="no"?>
<!DOCTYPE log SYSTEM "logger.dtd">
<log>
<record>
  <date>2024-03-24T15:05:51.796060700Z</date>
  <millis>1711292751796</millis>
  <nanos>60700</nanos>
  <sequence>0</sequence>
  <logger>grocery.GroceryList</logger>
  <level>INFO</level>
  <class>grocery.GroceryList</class>
  <method>addGrocery</method>
  <thread>1</thread>
  <message>Added milk</message>
</record>
</log>
<?xml version="1.0" encoding="windows-1252" standalone="no"?>
<!DOCTYPE log SYSTEM "logger.dtd">
<log>
<record>
  <date>2024-03-24T15:06:32.029311200Z</date>
  <millis>1711292792029</millis>
  <nanos>311200</nanos>
  <sequence>0</sequence>
  <logger>grocery.GroceryList</logger>
  <level>INFO</level>
  <class>grocery.GroceryList</class>
  <method>addGrocery</method>
  <thread>1</thread>
  <message>Added milk</message>
</record>
</log>
<?xml version="1.0" encoding="windows-1252" standalone="no"?>
<!DOCTYPE log SYSTEM "logger.dtd">
<log>
<record>
  <date>2024-03-24T15:08:11.281378300Z</date>
  <millis>1711292891281</millis>
  <nanos>378300</nanos>
  <sequence>0</sequence>
  <logger>grocery.GroceryList</logger>
  <level>INFO</level>
  <class>grocery.GroceryList</class>
  <method>addGrocery</method>
  <thread>1</thread>
  <message>Added milk</message>
</record>
</log>
<?xml version="1.0" encoding="windows-1252" standalone="no"?>
<!DOCTYPE log SYSTEM "logger.dtd">
<log>
<record>
  <date>2024-03-24T15:30:57.160546800Z</date>
  <millis>1711294257160</millis>
  <nanos>546800</nanos>
  <sequence>0</sequence>
  <logger>grocery.GroceryList</logger>
  <level>INFO</level>
  <class>grocery.GroceryList</class>
  <method>addGrocery</method>
  <thread>1</thread>
  <message>Added milk</message>
</record>
<?xml version="1.0" encoding="windows-1252" standalone="no"?>
<!DOCTYPE log SYSTEM "logger.dtd">
<log>
<record>
  <date>2024-03-24T15:34:55.111611800Z</date>
  <millis>1711294495111</millis>
  <nanos>611800</nanos>
  <sequence>0</sequence>
  <logger>grocery.GroceryList</logger>
  <level>INFO</level>
  <class>grocery.GroceryList</class>
  <method>addGrocery</method>
  <thread>1</thread>
  <message>Added milk</message>
</record>
</log>
<?xml version="1.0" encoding="windows-1252" standalone="no"?>
<!DOCTYPE log SYSTEM "logger.dtd">
<log>
</log>
<?xml version="1.0" encoding="windows-1252" standalone="no"?>
<!DOCTYPE log SYSTEM "logger.dtd">
<log>
<record>
  <date>2024-03-24T15:37:55.608110200Z</date>
  <millis>1711294675608</millis>
  <nanos>110200</nanos>
  <sequence>0</sequence>
  <logger>grocery.GroceryList</logger>
  <level>INFO</level>
  <class>grocery.GroceryList</class>
  <method>addGrocery</method>
  <thread>1</thread>
  <message>Added Meat</message>
</record>
</log>
<?xml version="1.0" encoding="windows-1252" standalone="no"?>
<!DOCTYPE log SYSTEM "logger.dtd">
<log>
<record>
  <date>2024-03-24T15:37:55.638116600Z</date>
  <millis>1711294675638</millis>
  <nanos>116600</nanos>
  <sequence>1</sequence>
  <logger>grocery.GroceryList</logger>
  <level>INFO</level>
  <class>grocery.GroceryList</class>
  <method>addGrocery</method>
  <thread>1</thread>
  <message>Added Meat</message>
</record>
</log>
<?xml version="1.0" encoding="windows-1252" standalone="no"?>
<!DOCTYPE log SYSTEM "logger.dtd">
<log>
<record>
  <date>2024-03-24T15:37:55.661121600Z</date>
  <millis>1711294675661</millis>
  <nanos>121600</nanos>
  <sequence>2</sequence>
  <logger>grocery.GroceryList</logger>
  <level>INFO</level>
  <class>grocery.GroceryList</class>
  <method>addGrocery</method>
  <thread>1</thread>
  <message>Added Meat</message>
</record>
</log>
<?xml version="1.0" encoding="windows-1252" standalone="no"?>
<!DOCTYPE log SYSTEM "logger.dtd">
<log>
</log>
<?xml version="1.0" encoding="windows-1252" standalone="no"?>
<!DOCTYPE log SYSTEM "logger.dtd">
<log>
<record>
  <date>2024-03-24T15:37:55.694131400Z</date>
  <millis>1711294675694</millis>
  <nanos>131400</nanos>
  <sequence>3</sequence>
  <logger>grocery.GroceryList</logger>
  <level>INFO</level>
  <class>grocery.GroceryList</class>
  <method>addGrocery</method>
  <thread>1</thread>
  <message>Added fooood</message>
</record>
</log>
<?xml version="1.0" encoding="windows-1252" standalone="no"?>
<!DOCTYPE log SYSTEM "logger.dtd">
<log>
</log>
<?xml version="1.0" encoding="windows-1252" standalone="no"?>
<!DOCTYPE log SYSTEM "logger.dtd">
<log>
<record>
  <date>2024-03-24T15:38:17.691931500Z</date>
  <millis>1711294697691</millis>
  <nanos>931500</nanos>
  <sequence>0</sequence>
  <logger>grocery.GroceryList</logger>
  <level>INFO</level>
  <class>grocery.GroceryList</class>
  <method>addGrocery</method>
  <thread>1</thread>
  <message>Added Meat</message>
</record>
</log>
<?xml version="1.0" encoding="windows-1252" standalone="no"?>
<!DOCTYPE log SYSTEM "logger.dtd">
<log>
<record>
  <date>2024-03-24T15:38:17.722934300Z</date>
  <millis>1711294697722</millis>
  <nanos>934300</nanos>
  <sequence>1</sequence>
  <logger>grocery.GroceryList</logger>
  <level>INFO</level>
  <class>grocery.GroceryList</class>
  <method>addGrocery</method>
  <thread>1</thread>
  <message>Added Meat</message>
</record>
</log>
<?xml version="1.0" encoding="windows-1252" standalone="no"?>
<!DOCTYPE log SYSTEM "logger.dtd">
<log>
<record>
  <date>2024-03-24T15:38:17.742939600Z</date>
  <millis>1711294697742</millis>
  <nanos>939600</nanos>
  <sequence>2</sequence>
  <logger>grocery.GroceryList</logger>
  <level>INFO</level>
  <class>grocery.GroceryList</class>
  <method>addGrocery</method>
  <thread>1</thread>
  <message>Added Meat</message>
</record>
</log>
<?xml version="1.0" encoding="windows-1252" standalone="no"?>
<!DOCTYPE log SYSTEM "logger.dtd">
<log>
</log>
<?xml version="1.0" encoding="windows-1252" standalone="no"?>
<!DOCTYPE log SYSTEM "logger.dtd">
<log>
<record>
  <date>2024-03-24T15:38:17.765947700Z</date>
  <millis>1711294697765</millis>
  <nanos>947700</nanos>
  <sequence>3</sequence>
  <logger>grocery.GroceryList</logger>
  <level>INFO</level>
  <class>grocery.GroceryList</class>
  <method>addGrocery</method>
  <thread>1</thread>
  <message>Added fooood</message>
</record>
</log>
<?xml version="1.0" encoding="windows-1252" standalone="no"?>
<!DOCTYPE log SYSTEM "logger.dtd">
<log>
</log>
<?xml version="1.0" encoding="windows-1252" standalone="no"?>
<!DOCTYPE log SYSTEM "logger.dtd">
<log>
<record>
  <date>2024-03-24T15:42:02.362622300Z</date>
  <millis>1711294922362</millis>
  <nanos>622300</nanos>
  <sequence>0</sequence>
  <logger>grocery.GroceryList</logger>
  <level>INFO</level>
  <class>grocery.GroceryList</class>
  <method>addGrocery</method>
  <thread>1</thread>
  <message>Added Meat</message>
</record>
</log>
<?xml version="1.0" encoding="windows-1252" standalone="no"?>
<!DOCTYPE log SYSTEM "logger.dtd">
<log>
<record>
  <date>2024-03-24T15:42:02.390633700Z</date>
  <millis>1711294922390</millis>
  <nanos>633700</nanos>
  <sequence>1</sequence>
  <logger>grocery.GroceryList</logger>
  <level>INFO</level>
  <class>grocery.GroceryList</class>
  <method>addGrocery</method>
  <thread>1</thread>
  <message>Added Meat</message>
</record>
</log>
<?xml version="1.0" encoding="windows-1252" standalone="no"?>
<!DOCTYPE log SYSTEM "logger.dtd">
<log>
<record>
  <date>2024-03-24T15:42:02.412636300Z</date>
  <millis>1711294922412</millis>
  <nanos>636300</nanos>
  <sequence>2</sequence>
  <logger>grocery.GroceryList</logger>
  <level>INFO</level>
  <class>grocery.GroceryList</class>
  <method>addGrocery</method>
  <thread>1</thread>
  <message>Added Meat</message>
</record>
</log>
<?xml version="1.0" encoding="windows-1252" standalone="no"?>
<!DOCTYPE log SYSTEM "logger.dtd">
<log>
</log>
<?xml version="1.0" encoding="windows-1252" standalone="no"?>
<!DOCTYPE log SYSTEM "logger.dtd">
<log>
<record>
  <date>2024-03-24T15:42:02.445645300Z</date>
  <millis>1711294922445</millis>
  <nanos>645300</nanos>
  <sequence>3</sequence>
  <logger>grocery.GroceryList</logger>
  <level>INFO</level>
  <class>grocery.GroceryList</class>
  <method>addGrocery</method>
  <thread>1</thread>
  <message>Added fooood</message>
</record>
</log>
<?xml version="1.0" encoding="windows-1252" standalone="no"?>
<!DOCTYPE log SYSTEM "logger.dtd">
<log>
<record>
  <date>2024-03-24T15:42:52.833368300Z</date>
  <millis>1711294972833</millis>
  <nanos>368300</nanos>
  <sequence>0</sequence>
  <logger>grocery.GroceryList</logger>
  <level>INFO</level>
  <class>grocery.GroceryList</class>
  <method>addGrocery</method>
  <thread>1</thread>
  <message>Added Meat</message>
</record>
<?xml version="1.0" encoding="windows-1252" standalone="no"?>
<!DOCTYPE log SYSTEM "logger.dtd">
<log>
</log>
<?xml version="1.0" encoding="windows-1252" standalone="no"?>
<!DOCTYPE log SYSTEM "logger.dtd">
<log>
<record>
  <date>2024-03-24T15:44:16.147586600Z</date>
  <millis>1711295056147</millis>
  <nanos>586600</nanos>
  <sequence>0</sequence>
  <logger>grocery.GroceryList</logger>
  <level>INFO</level>
  <class>grocery.GroceryList</class>
  <method>addGrocery</method>
  <thread>1</thread>
  <message>Added Meat</message>
</record>
</log>
<?xml version="1.0" encoding="windows-1252" standalone="no"?>
<!DOCTYPE log SYSTEM "logger.dtd">
<log>
<record>
  <date>2024-03-24T15:44:16.178591900Z</date>
  <millis>1711295056178</millis>
  <nanos>591900</nanos>
  <sequence>1</sequence>
  <logger>grocery.GroceryList</logger>
  <level>INFO</level>
  <class>grocery.GroceryList</class>
  <method>addGrocery</method>
  <thread>1</thread>
  <message>Added Meat</message>
</record>
</log>
<?xml version="1.0" encoding="windows-1252" standalone="no"?>
<!DOCTYPE log SYSTEM "logger.dtd">
<log>
<record>
  <date>2024-03-24T15:44:16.200597600Z</date>
  <millis>1711295056200</millis>
  <nanos>597600</nanos>
  <sequence>2</sequence>
  <logger>grocery.GroceryList</logger>
  <level>INFO</level>
  <class>grocery.GroceryList</class>
  <method>addGrocery</method>
  <thread>1</thread>
  <message>Added Meat</message>
</record>
</log>
<?xml version="1.0" encoding="windows-1252" standalone="no"?>
<!DOCTYPE log SYSTEM "logger.dtd">
<log>
</log>
<?xml version="1.0" encoding="windows-1252" standalone="no"?>
<!DOCTYPE log SYSTEM "logger.dtd">
<log>
<record>
  <date>2024-03-24T15:44:16.220603Z</date>
  <millis>1711295056220</millis>
  <nanos>603000</nanos>
  <sequence>3</sequence>
  <logger>grocery.GroceryList</logger>
  <level>INFO</level>
  <class>grocery.GroceryList</class>
  <method>addGrocery</method>
  <thread>1</thread>
  <message>Added fooood</message>
</record>
</log>
<?xml version="1.0" encoding="windows-1252" standalone="no"?>
<!DOCTYPE log SYSTEM "logger.dtd">
<log>
</log>
<?xml version="1.0" encoding="windows-1252" standalone="no"?>
<!DOCTYPE log SYSTEM "logger.dtd">
<log>
<record>
  <date>2024-03-24T15:48:36.606280600Z</date>
  <millis>1711295316606</millis>
  <nanos>280600</nanos>
  <sequence>0</sequence>
  <logger>grocery.GroceryList</logger>
  <level>INFO</level>
  <class>grocery.GroceryList</class>
  <method>addGrocery</method>
  <thread>1</thread>
  <message>Added Meat</message>
</record>
</log>
<?xml version="1.0" encoding="windows-1252" standalone="no"?>
<!DOCTYPE log SYSTEM "logger.dtd">
<log>
<record>
  <date>2024-03-24T15:48:36.649291300Z</date>
  <millis>1711295316649</millis>
  <nanos>291300</nanos>
  <sequence>1</sequence>
  <logger>grocery.GroceryList</logger>
  <level>INFO</level>
  <class>grocery.GroceryList</class>
  <method>addGrocery</method>
  <thread>1</thread>
  <message>Added Meat</message>
</record>
</log>
<?xml version="1.0" encoding="windows-1252" standalone="no"?>
<!DOCTYPE log SYSTEM "logger.dtd">
<log>
<record>
  <date>2024-03-24T15:48:36.676299700Z</date>
  <millis>1711295316676</millis>
  <nanos>299700</nanos>
  <sequence>2</sequence>
  <logger>grocery.GroceryList</logger>
  <level>INFO</level>
  <class>grocery.GroceryList</class>
  <method>addGrocery</method>
  <thread>1</thread>
  <message>Added Meat</message>
</record>
</log>
<?xml version="1.0" encoding="windows-1252" standalone="no"?>
<!DOCTYPE log SYSTEM "logger.dtd">
<log>
</log>
<?xml version="1.0" encoding="windows-1252" standalone="no"?>
<!DOCTYPE log SYSTEM "logger.dtd">
<log>
<record>
  <date>2024-03-24T15:48:36.693301900Z</date>
  <millis>1711295316693</millis>
  <nanos>301900</nanos>
  <sequence>3</sequence>
  <logger>grocery.GroceryList</logger>
  <level>INFO</level>
  <class>grocery.GroceryList</class>
  <method>addGrocery</method>
  <thread>1</thread>
  <message>Added fooood</message>
</record>
</log>
<?xml version="1.0" encoding="windows-1252" standalone="no"?>
<!DOCTYPE log SYSTEM "logger.dtd">
<log>
<record>
  <date>2024-03-24T15:48:36.707310300Z</date>
  <millis>1711295316707</millis>
  <nanos>310300</nanos>
  <sequence>4</sequence>
  <logger>grocery.GroceryList</logger>
  <level>INFO</level>
  <class>grocery.GroceryList</class>
  <method>addGrocery</method>
  <thread>1</thread>
  <message>Added Meat, amount: 5</message>
</record>
</log>
<?xml version="1.0" encoding="windows-1252" standalone="no"?>
<!DOCTYPE log SYSTEM "logger.dtd">
<log>
<record>
  <date>2024-03-24T15:48:36.717306300Z</date>
  <millis>1711295316717</millis>
  <nanos>306300</nanos>
  <sequence>5</sequence>
  <logger>grocery.GroceryList</logger>
  <level>INFO</level>
  <class>grocery.GroceryList</class>
  <method>addGrocery</method>
  <thread>1</thread>
  <message>Added Meat</message>
</record>
</log>
<?xml version="1.0" encoding="windows-1252" standalone="no"?>
<!DOCTYPE log SYSTEM "logger.dtd">
<log>
</log>
<?xml version="1.0" encoding="windows-1252" standalone="no"?>
<!DOCTYPE log SYSTEM "logger.dtd">
<log>
<record>
  <date>2024-03-24T15:51:29.329021100Z</date>
  <millis>1711295489329</millis>
  <nanos>21100</nanos>
  <sequence>0</sequence>
  <logger>grocery.GroceryList</logger>
  <level>INFO</level>
  <class>grocery.GroceryList</class>
  <method>addGrocery</method>
  <thread>1</thread>
  <message>Added Meat</message>
</record>
</log>
<?xml version="1.0" encoding="windows-1252" standalone="no"?>
<!DOCTYPE log SYSTEM "logger.dtd">
<log>
<record>
  <date>2024-03-24T15:51:29.367038200Z</date>
  <millis>1711295489367</millis>
  <nanos>38200</nanos>
  <sequence>1</sequence>
  <logger>grocery.GroceryList</logger>
  <level>INFO</level>
  <class>grocery.GroceryList</class>
  <method>addGrocery</method>
  <thread>1</thread>
  <message>Added Meat</message>
</record>
</log>
<?xml version="1.0" encoding="windows-1252" standalone="no"?>
<!DOCTYPE log SYSTEM "logger.dtd">
<log>
<record>
  <date>2024-03-24T15:51:29.393037200Z</date>
  <millis>1711295489393</millis>
  <nanos>37200</nanos>
  <sequence>2</sequence>
  <logger>grocery.GroceryList</logger>
  <level>INFO</level>
  <class>grocery.GroceryList</class>
  <method>addGrocery</method>
  <thread>1</thread>
  <message>Added Meat</message>
</record>
</log>
<?xml version="1.0" encoding="windows-1252" standalone="no"?>
<!DOCTYPE log SYSTEM "logger.dtd">
<log>
</log>
<?xml version="1.0" encoding="windows-1252" standalone="no"?>
<!DOCTYPE log SYSTEM "logger.dtd">
<log>
<record>
  <date>2024-03-24T15:51:29.413040400Z</date>
  <millis>1711295489413</millis>
  <nanos>40400</nanos>
  <sequence>3</sequence>
  <logger>grocery.GroceryList</logger>
  <level>INFO</level>
  <class>grocery.GroceryList</class>
  <method>addGrocery</method>
  <thread>1</thread>
  <message>Added fooood</message>
</record>
</log>
<?xml version="1.0" encoding="windows-1252" standalone="no"?>
<!DOCTYPE log SYSTEM "logger.dtd">
<log>
<record>
  <date>2024-03-24T15:51:29.428044600Z</date>
  <millis>1711295489428</millis>
  <nanos>44600</nanos>
  <sequence>4</sequence>
  <logger>grocery.GroceryList</logger>
  <level>INFO</level>
  <class>grocery.GroceryList</class>
  <method>addGrocery</method>
  <thread>1</thread>
  <message>Added Meat, amount: 5</message>
</record>
</log>
<?xml version="1.0" encoding="windows-1252" standalone="no"?>
<!DOCTYPE log SYSTEM "logger.dtd">
<log>
<record>
  <date>2024-03-24T15:51:29.439045200Z</date>
  <millis>1711295489439</millis>
  <nanos>45200</nanos>
  <sequence>5</sequence>
  <logger>grocery.GroceryList</logger>
  <level>INFO</level>
  <class>grocery.GroceryList</class>
  <method>addGrocery</method>
  <thread>1</thread>
  <message>Added Meat</message>
</record>
</log>
